[2023-11-14 22:37:03] [cache_controller::purge_cache_queue_write] queue file not exist
[2023-11-14 22:37:03] [cache_controller::wp_rocket_hooks] Purge whole Cloudflare cache (fired action: after_rocket_clean_domain)
[2023-11-14 22:37:03] [cache_controller::wp_rocket_hooks] Purge whole Cloudflare cache (fired action: after_rocket_clean_domain)
[2023-11-14 22:58:10] [cache_controller::wpo_hooks] Purge whole Cloudflare cache (fired action: wpo_cache_flush)
[2023-11-14 22:58:37] [cache_controller::wp_rocket_hooks] Purge whole Cloudflare cache (fired action: after_rocket_clean_domain)
[2023-11-14 23:06:23] [cache_controller::wp_rocket_selective_url_purge_hooks] Purge Cloudflare cache for only URL ["https:\/\/staging7.chargeautomation.com\/integrations\/","https:\/\/staging7.chargeautomation.com\/author\/chargeautomation\/"] - Fired action: after_rocket_clean_files
[2023-11-14 23:06:23] [cache_controller::wp_rocket_selective_url_purge_hooks] Purge Cloudflare cache for only URL ["https:\/\/staging7.chargeautomation.com\/feed\/","https:\/\/staging7.chargeautomation.com\/comments\/feed\/"] - Fired action: after_rocket_clean_files
[2023-11-14 23:06:23] [cache_controller::wp_rocket_after_rocket_clean_post_hook] Purge Cloudflare cache for only URL https://staging7.chargeautomation.com/integrations/ - Fired action: after_rocket_clean_post
[2023-11-14 23:06:25] [cache_controller::wp_rocket_selective_url_purge_hooks] Purge Cloudflare cache for only URL ["https:\/\/staging7.chargeautomation.com\/integrations\/","https:\/\/staging7.chargeautomation.com\/upselling-software\/","https:\/\/staging7.chargeautomation.com\/contactless-online-check-in-out-software\/","https:\/\/staging7.chargeautomation.com\/author\/chargeautomation\/"] - Fired action: after_rocket_clean_files
[2023-11-14 23:06:25] [cache_controller::wp_rocket_selective_url_purge_hooks] Purge Cloudflare cache for only URL ["https:\/\/staging7.chargeautomation.com\/feed\/","https:\/\/staging7.chargeautomation.com\/comments\/feed\/"] - Fired action: after_rocket_clean_files
[2023-11-14 23:06:25] [cache_controller::wp_rocket_after_rocket_clean_post_hook] Purge Cloudflare cache for only URL https://staging7.chargeautomation.com/integrations/ - Fired action: after_rocket_clean_post
[2023-11-14 23:06:46] [cache_controller::wp_rocket_selective_url_purge_hooks] Purge Cloudflare cache for only URL ["https:\/\/staging7.chargeautomation.com\/integrations\/","https:\/\/staging7.chargeautomation.com\/author\/chargeautomation\/"] - Fired action: after_rocket_clean_files
[2023-11-14 23:06:46] [cache_controller::wp_rocket_selective_url_purge_hooks] Purge Cloudflare cache for only URL ["https:\/\/staging7.chargeautomation.com\/feed\/","https:\/\/staging7.chargeautomation.com\/comments\/feed\/"] - Fired action: after_rocket_clean_files
[2023-11-14 23:06:46] [cache_controller::wp_rocket_after_rocket_clean_post_hook] Purge Cloudflare cache for only URL https://staging7.chargeautomation.com/integrations/ - Fired action: after_rocket_clean_post
[2023-11-14 23:06:48] [cache_controller::wp_rocket_selective_url_purge_hooks] Purge Cloudflare cache for only URL ["https:\/\/staging7.chargeautomation.com\/integrations\/","https:\/\/staging7.chargeautomation.com\/upselling-software\/","https:\/\/staging7.chargeautomation.com\/contactless-online-check-in-out-software\/","https:\/\/staging7.chargeautomation.com\/author\/chargeautomation\/"] - Fired action: after_rocket_clean_files
[2023-11-14 23:06:48] [cache_controller::wp_rocket_selective_url_purge_hooks] Purge Cloudflare cache for only URL ["https:\/\/staging7.chargeautomation.com\/feed\/","https:\/\/staging7.chargeautomation.com\/comments\/feed\/"] - Fired action: after_rocket_clean_files
[2023-11-14 23:06:48] [cache_controller::wp_rocket_after_rocket_clean_post_hook] Purge Cloudflare cache for only URL https://staging7.chargeautomation.com/integrations/ - Fired action: after_rocket_clean_post
[2023-11-14 23:08:52] [cache_controller::wp_rocket_selective_url_purge_hooks] Purge Cloudflare cache for only URL ["https:\/\/staging7.chargeautomation.com\/integrations\/","https:\/\/staging7.chargeautomation.com\/upselling-software\/","https:\/\/staging7.chargeautomation.com\/contactless-online-check-in-out-software\/","https:\/\/staging7.chargeautomation.com\/author\/chargeautomation\/"] - Fired action: after_rocket_clean_files
[2023-11-14 23:08:52] [cache_controller::wp_rocket_selective_url_purge_hooks] Purge Cloudflare cache for only URL ["https:\/\/staging7.chargeautomation.com\/feed\/","https:\/\/staging7.chargeautomation.com\/comments\/feed\/"] - Fired action: after_rocket_clean_files
[2023-11-14 23:08:52] [cache_controller::wp_rocket_after_rocket_clean_post_hook] Purge Cloudflare cache for only URL https://staging7.chargeautomation.com/integrations/ - Fired action: after_rocket_clean_post
[2023-11-14 23:08:56] [cache_controller::wp_rocket_selective_url_purge_hooks] Purge Cloudflare cache for only URL ["https:\/\/staging7.chargeautomation.com\/integrations\/","https:\/\/staging7.chargeautomation.com\/author\/chargeautomation\/"] - Fired action: after_rocket_clean_files
[2023-11-14 23:08:56] [cache_controller::wp_rocket_selective_url_purge_hooks] Purge Cloudflare cache for only URL ["https:\/\/staging7.chargeautomation.com\/feed\/","https:\/\/staging7.chargeautomation.com\/comments\/feed\/"] - Fired action: after_rocket_clean_files
[2023-11-14 23:08:56] [cache_controller::wp_rocket_after_rocket_clean_post_hook] Purge Cloudflare cache for only URL https://staging7.chargeautomation.com/integrations/ - Fired action: after_rocket_clean_post
[2023-11-14 23:09:01] [cache_controller::wp_rocket_selective_url_purge_hooks] Purge Cloudflare cache for only URL ["https:\/\/staging7.chargeautomation.com\/integrations\/","https:\/\/staging7.chargeautomation.com\/upselling-software\/","https:\/\/staging7.chargeautomation.com\/contactless-online-check-in-out-software\/","https:\/\/staging7.chargeautomation.com\/author\/chargeautomation\/"] - Fired action: after_rocket_clean_files
[2023-11-14 23:09:01] [cache_controller::wp_rocket_selective_url_purge_hooks] Purge Cloudflare cache for only URL ["https:\/\/staging7.chargeautomation.com\/feed\/","https:\/\/staging7.chargeautomation.com\/comments\/feed\/"] - Fired action: after_rocket_clean_files
[2023-11-14 23:09:01] [cache_controller::wp_rocket_after_rocket_clean_post_hook] Purge Cloudflare cache for only URL https://staging7.chargeautomation.com/integrations/ - Fired action: after_rocket_clean_post
[2023-11-14 23:19:08] [cache_controller::wpo_hooks] Purge whole Cloudflare cache (fired action: wpo_cache_flush)
[2023-11-16 16:01:01] [cache_controller::wp_rocket_selective_url_purge_hooks] Purge Cloudflare cache for only URL ["https:\/\/staging7.chargeautomation.com\/pricing\/","https:\/\/staging7.chargeautomation.com\/home-v3\/","https:\/\/staging7.chargeautomation.com\/blog\/","https:\/\/staging7.chargeautomation.com\/author\/chargeautomation\/"] - Fired action: after_rocket_clean_files
[2023-11-16 16:01:01] [cache_controller::wp_rocket_selective_url_purge_hooks] Purge Cloudflare cache for only URL ["https:\/\/staging7.chargeautomation.com\/feed\/","https:\/\/staging7.chargeautomation.com\/comments\/feed\/"] - Fired action: after_rocket_clean_files
[2023-11-16 16:01:01] [cache_controller::wp_rocket_after_rocket_clean_post_hook] Purge Cloudflare cache for only URL https://staging7.chargeautomation.com/pricing/ - Fired action: after_rocket_clean_post
[2023-11-16 16:01:01] [cache_controller::purge_cache_on_post_edit] Purge Cloudflare cache for only post id 6339 and related contents - Fired action: clean_post_cache
[2023-11-16 16:01:16] [cache_controller::wp_rocket_selective_url_purge_hooks] Purge Cloudflare cache for only URL ["https:\/\/staging7.chargeautomation.com\/pricing\/","https:\/\/staging7.chargeautomation.com\/author\/chargeautomation\/"] - Fired action: after_rocket_clean_files
[2023-11-16 16:01:16] [cache_controller::wp_rocket_selective_url_purge_hooks] Purge Cloudflare cache for only URL ["https:\/\/staging7.chargeautomation.com\/feed\/","https:\/\/staging7.chargeautomation.com\/comments\/feed\/"] - Fired action: after_rocket_clean_files
[2023-11-16 16:01:16] [cache_controller::wp_rocket_after_rocket_clean_post_hook] Purge Cloudflare cache for only URL https://staging7.chargeautomation.com/pricing/ - Fired action: after_rocket_clean_post
[2023-11-16 16:01:16] [cache_controller::purge_cache_on_post_edit] Purge Cloudflare cache for only post id 6339 and related contents - Fired action: clean_post_cache
[2023-11-16 16:04:22] [cache_controller::wp_rocket_selective_url_purge_hooks] Purge Cloudflare cache for only URL ["https:\/\/staging7.chargeautomation.com\/pricing\/","https:\/\/staging7.chargeautomation.com\/home-v3\/","https:\/\/staging7.chargeautomation.com\/blog\/","https:\/\/staging7.chargeautomation.com\/author\/chargeautomation\/"] - Fired action: after_rocket_clean_files
[2023-11-16 16:04:22] [cache_controller::wp_rocket_selective_url_purge_hooks] Purge Cloudflare cache for only URL ["https:\/\/staging7.chargeautomation.com\/feed\/","https:\/\/staging7.chargeautomation.com\/comments\/feed\/"] - Fired action: after_rocket_clean_files
[2023-11-16 16:04:22] [cache_controller::wp_rocket_after_rocket_clean_post_hook] Purge Cloudflare cache for only URL https://staging7.chargeautomation.com/pricing/ - Fired action: after_rocket_clean_post
[2023-11-16 16:04:22] [cache_controller::purge_cache_on_post_edit] Purge Cloudflare cache for only post id 6339 and related contents - Fired action: clean_post_cache
[2023-11-16 16:04:37] [cache_controller::wp_rocket_selective_url_purge_hooks] Purge Cloudflare cache for only URL ["https:\/\/staging7.chargeautomation.com\/pricing\/","https:\/\/staging7.chargeautomation.com\/author\/chargeautomation\/"] - Fired action: after_rocket_clean_files
[2023-11-16 16:04:37] [cache_controller::wp_rocket_selective_url_purge_hooks] Purge Cloudflare cache for only URL ["https:\/\/staging7.chargeautomation.com\/feed\/","https:\/\/staging7.chargeautomation.com\/comments\/feed\/"] - Fired action: after_rocket_clean_files
[2023-11-16 16:04:37] [cache_controller::wp_rocket_after_rocket_clean_post_hook] Purge Cloudflare cache for only URL https://staging7.chargeautomation.com/pricing/ - Fired action: after_rocket_clean_post
[2023-11-16 16:04:37] [cache_controller::purge_cache_on_post_edit] Purge Cloudflare cache for only post id 6339 and related contents - Fired action: clean_post_cache
[2023-11-16 16:05:27] [cache_controller::wp_rocket_selective_url_purge_hooks] Purge Cloudflare cache for only URL ["https:\/\/staging7.chargeautomation.com\/pricing\/","https:\/\/staging7.chargeautomation.com\/home-v3\/","https:\/\/staging7.chargeautomation.com\/blog\/","https:\/\/staging7.chargeautomation.com\/author\/chargeautomation\/"] - Fired action: after_rocket_clean_files
[2023-11-16 16:05:27] [cache_controller::wp_rocket_selective_url_purge_hooks] Purge Cloudflare cache for only URL ["https:\/\/staging7.chargeautomation.com\/feed\/","https:\/\/staging7.chargeautomation.com\/comments\/feed\/"] - Fired action: after_rocket_clean_files
[2023-11-16 16:05:27] [cache_controller::wp_rocket_after_rocket_clean_post_hook] Purge Cloudflare cache for only URL https://staging7.chargeautomation.com/pricing/ - Fired action: after_rocket_clean_post
[2023-11-16 16:05:27] [cache_controller::purge_cache_on_post_edit] Purge Cloudflare cache for only post id 6339 and related contents - Fired action: clean_post_cache
[2023-11-16 16:05:36] [cache_controller::wpo_hooks] Purge whole Cloudflare cache (fired action: wpo_cache_flush)
[2023-11-16 16:05:36] [cache_controller::wp_rocket_hooks] Purge whole Cloudflare cache (fired action: after_rocket_clean_domain)
[2023-11-16 16:05:42] [cache_controller::wp_rocket_selective_url_purge_hooks] Purge Cloudflare cache for only URL ["https:\/\/staging7.chargeautomation.com\/pricing\/","https:\/\/staging7.chargeautomation.com\/author\/chargeautomation\/"] - Fired action: after_rocket_clean_files
[2023-11-16 16:05:42] [cache_controller::wp_rocket_selective_url_purge_hooks] Purge Cloudflare cache for only URL ["https:\/\/staging7.chargeautomation.com\/feed\/","https:\/\/staging7.chargeautomation.com\/comments\/feed\/"] - Fired action: after_rocket_clean_files
[2023-11-16 16:05:42] [cache_controller::wp_rocket_after_rocket_clean_post_hook] Purge Cloudflare cache for only URL https://staging7.chargeautomation.com/pricing/ - Fired action: after_rocket_clean_post
[2023-11-16 16:05:42] [cache_controller::purge_cache_on_post_edit] Purge Cloudflare cache for only post id 6339 and related contents - Fired action: clean_post_cache
[2023-11-16 16:06:26] [cache_controller::wp_rocket_hooks] Purge whole Cloudflare cache (fired action: after_rocket_clean_domain)
[2023-11-16 16:17:19] [cache_controller::wp_rocket_selective_url_purge_hooks] Purge Cloudflare cache for only URL ["https:\/\/staging7.chargeautomation.com\/pricing\/","https:\/\/staging7.chargeautomation.com\/home-v3\/","https:\/\/staging7.chargeautomation.com\/blog\/","https:\/\/staging7.chargeautomation.com\/author\/chargeautomation\/"] - Fired action: after_rocket_clean_files
[2023-11-16 16:17:19] [cache_controller::wp_rocket_selective_url_purge_hooks] Purge Cloudflare cache for only URL ["https:\/\/staging7.chargeautomation.com\/feed\/","https:\/\/staging7.chargeautomation.com\/comments\/feed\/"] - Fired action: after_rocket_clean_files
[2023-11-16 16:17:19] [cache_controller::wp_rocket_after_rocket_clean_post_hook] Purge Cloudflare cache for only URL https://staging7.chargeautomation.com/pricing/ - Fired action: after_rocket_clean_post
[2023-11-16 16:17:19] [cache_controller::purge_cache_on_post_edit] Purge Cloudflare cache for only post id 6339 and related contents - Fired action: clean_post_cache
[2023-11-16 16:17:35] [cache_controller::wp_rocket_selective_url_purge_hooks] Purge Cloudflare cache for only URL ["https:\/\/staging7.chargeautomation.com\/pricing\/","https:\/\/staging7.chargeautomation.com\/author\/chargeautomation\/"] - Fired action: after_rocket_clean_files
[2023-11-16 16:17:35] [cache_controller::wp_rocket_selective_url_purge_hooks] Purge Cloudflare cache for only URL ["https:\/\/staging7.chargeautomation.com\/feed\/","https:\/\/staging7.chargeautomation.com\/comments\/feed\/"] - Fired action: after_rocket_clean_files
[2023-11-16 16:17:35] [cache_controller::wp_rocket_after_rocket_clean_post_hook] Purge Cloudflare cache for only URL https://staging7.chargeautomation.com/pricing/ - Fired action: after_rocket_clean_post
[2023-11-16 16:17:35] [cache_controller::purge_cache_on_post_edit] Purge Cloudflare cache for only post id 6339 and related contents - Fired action: clean_post_cache
[2023-11-16 16:19:21] [cache_controller::wp_rocket_hooks] Purge whole Cloudflare cache (fired action: after_rocket_clean_domain)
[2023-11-16 16:19:21] [cache_controller::wp_rocket_hooks] Purge whole Cloudflare cache (fired action: after_rocket_clean_domain)
[2023-11-16 16:19:21] [cache_controller::wp_rocket_hooks] Purge whole Cloudflare cache (fired action: after_rocket_clean_domain)
[2023-11-16 16:19:21] [cache_controller::wp_rocket_hooks] Purge whole Cloudflare cache (fired action: after_rocket_clean_domain)
[2023-11-16 16:19:21] [cache_controller::wp_rocket_hooks] Purge whole Cloudflare cache (fired action: after_rocket_clean_domain)
[2023-11-16 16:19:21] [cache_controller::wp_rocket_hooks] Purge whole Cloudflare cache (fired action: after_rocket_clean_domain)
[2023-11-16 16:19:21] [cache_controller::wp_rocket_hooks] Purge whole Cloudflare cache (fired action: after_rocket_clean_domain)
[2023-11-16 16:20:07] [cache_controller::wpo_hooks] Purge whole Cloudflare cache (fired action: wpo_cache_flush)
[2023-11-16 16:20:07] [cache_controller::wp_rocket_hooks] Purge whole Cloudflare cache (fired action: after_rocket_clean_domain)
[2023-11-16 16:22:22] [cache_controller::wp_rocket_selective_url_purge_hooks] Purge Cloudflare cache for only URL ["https:\/\/staging7.chargeautomation.com\/pricing\/","https:\/\/staging7.chargeautomation.com\/home-v3\/","https:\/\/staging7.chargeautomation.com\/blog\/","https:\/\/staging7.chargeautomation.com\/author\/chargeautomation\/"] - Fired action: after_rocket_clean_files
[2023-11-16 16:22:22] [cache_controller::wp_rocket_selective_url_purge_hooks] Purge Cloudflare cache for only URL ["https:\/\/staging7.chargeautomation.com\/feed\/","https:\/\/staging7.chargeautomation.com\/comments\/feed\/"] - Fired action: after_rocket_clean_files
[2023-11-16 16:22:22] [cache_controller::wp_rocket_after_rocket_clean_post_hook] Purge Cloudflare cache for only URL https://staging7.chargeautomation.com/pricing/ - Fired action: after_rocket_clean_post
[2023-11-16 16:22:22] [cache_controller::purge_cache_on_post_edit] Purge Cloudflare cache for only post id 6339 and related contents - Fired action: clean_post_cache
[2023-11-16 16:22:38] [cache_controller::wp_rocket_selective_url_purge_hooks] Purge Cloudflare cache for only URL ["https:\/\/staging7.chargeautomation.com\/pricing\/","https:\/\/staging7.chargeautomation.com\/author\/chargeautomation\/"] - Fired action: after_rocket_clean_files
[2023-11-16 16:22:38] [cache_controller::wp_rocket_selective_url_purge_hooks] Purge Cloudflare cache for only URL ["https:\/\/staging7.chargeautomation.com\/feed\/","https:\/\/staging7.chargeautomation.com\/comments\/feed\/"] - Fired action: after_rocket_clean_files
[2023-11-16 16:22:38] [cache_controller::wp_rocket_after_rocket_clean_post_hook] Purge Cloudflare cache for only URL https://staging7.chargeautomation.com/pricing/ - Fired action: after_rocket_clean_post
[2023-11-16 16:22:38] [cache_controller::purge_cache_on_post_edit] Purge Cloudflare cache for only post id 6339 and related contents - Fired action: clean_post_cache
[2023-11-16 16:23:16] [cache_controller::wp_rocket_selective_url_purge_hooks] Purge Cloudflare cache for only URL ["https:\/\/staging7.chargeautomation.com\/pricing\/","https:\/\/staging7.chargeautomation.com\/home-v3\/","https:\/\/staging7.chargeautomation.com\/blog\/","https:\/\/staging7.chargeautomation.com\/author\/chargeautomation\/"] - Fired action: after_rocket_clean_files
[2023-11-16 16:23:16] [cache_controller::wp_rocket_selective_url_purge_hooks] Purge Cloudflare cache for only URL ["https:\/\/staging7.chargeautomation.com\/feed\/","https:\/\/staging7.chargeautomation.com\/comments\/feed\/"] - Fired action: after_rocket_clean_files
[2023-11-16 16:23:16] [cache_controller::wp_rocket_after_rocket_clean_post_hook] Purge Cloudflare cache for only URL https://staging7.chargeautomation.com/pricing/ - Fired action: after_rocket_clean_post
[2023-11-16 16:23:16] [cache_controller::purge_cache_on_post_edit] Purge Cloudflare cache for only post id 6339 and related contents - Fired action: clean_post_cache
[2023-11-16 16:23:32] [cache_controller::wp_rocket_selective_url_purge_hooks] Purge Cloudflare cache for only URL ["https:\/\/staging7.chargeautomation.com\/pricing\/","https:\/\/staging7.chargeautomation.com\/author\/chargeautomation\/"] - Fired action: after_rocket_clean_files
[2023-11-16 16:23:32] [cache_controller::wp_rocket_selective_url_purge_hooks] Purge Cloudflare cache for only URL ["https:\/\/staging7.chargeautomation.com\/feed\/","https:\/\/staging7.chargeautomation.com\/comments\/feed\/"] - Fired action: after_rocket_clean_files
[2023-11-16 16:23:32] [cache_controller::wp_rocket_after_rocket_clean_post_hook] Purge Cloudflare cache for only URL https://staging7.chargeautomation.com/pricing/ - Fired action: after_rocket_clean_post
[2023-11-16 16:23:32] [cache_controller::purge_cache_on_post_edit] Purge Cloudflare cache for only post id 6339 and related contents - Fired action: clean_post_cache
[2023-11-16 16:25:32] [cache_controller::ajax_purge_whole_cache] Purge whole Cloudflare cache
[2023-11-16 16:25:32] [cache_controller::purge_all] Purged whole Cloudflare cache
[2023-11-16 16:26:59] [cache_controller::wpo_hooks] Purge whole Cloudflare cache (fired action: wpo_cache_flush)
[2023-11-16 16:26:59] [cache_controller::wp_rocket_hooks] Purge whole Cloudflare cache (fired action: after_rocket_clean_domain)
[2023-11-16 16:29:28] [cache_controller::wpo_hooks] Purge whole Cloudflare cache (fired action: wpo_cache_flush)
[2023-11-16 16:29:28] [cache_controller::wp_rocket_hooks] Purge whole Cloudflare cache (fired action: after_rocket_clean_domain)
[2023-11-16 16:31:00] [cache_controller::wpo_hooks] Purge whole Cloudflare cache (fired action: wpo_cache_flush)
[2023-11-16 16:31:26] [cache_controller::ajax_purge_whole_cache] Purge whole Cloudflare cache
[2023-11-16 16:31:26] [cache_controller::purge_all] Purged whole Cloudflare cache
[2023-11-16 18:25:19] [cache_controller::wp_rocket_selective_url_purge_hooks] Purge Cloudflare cache for only URL ["https:\/\/staging7.chargeautomation.com\/chat-test\/","https:\/\/staging7.chargeautomation.com\/author\/chargeautomation\/"] - Fired action: after_rocket_clean_files
[2023-11-16 18:25:19] [cache_controller::wp_rocket_selective_url_purge_hooks] Purge Cloudflare cache for only URL ["https:\/\/staging7.chargeautomation.com\/feed\/","https:\/\/staging7.chargeautomation.com\/comments\/feed\/"] - Fired action: after_rocket_clean_files
[2023-11-16 18:25:19] [cache_controller::wp_rocket_after_rocket_clean_post_hook] Purge Cloudflare cache for only URL https://staging7.chargeautomation.com/chat-test/ - Fired action: after_rocket_clean_post
[2023-11-16 18:25:19] [cache_controller::purge_cache_on_post_edit] Purge Cloudflare cache for only post id 10856 and related contents - Fired action: clean_post_cache
[2023-11-16 18:25:19] [cache_controller::wp_rocket_selective_url_purge_hooks] Purge Cloudflare cache for only URL ["https:\/\/staging7.chargeautomation.com\/chat-test\/","https:\/\/staging7.chargeautomation.com\/chargeback-fraud-protection-software\/","https:\/\/staging7.chargeautomation.com\/author\/chargeautomation\/"] - Fired action: after_rocket_clean_files
[2023-11-16 18:25:19] [cache_controller::wp_rocket_selective_url_purge_hooks] Purge Cloudflare cache for only URL ["https:\/\/staging7.chargeautomation.com\/feed\/","https:\/\/staging7.chargeautomation.com\/comments\/feed\/"] - Fired action: after_rocket_clean_files
[2023-11-16 18:25:19] [cache_controller::wp_rocket_after_rocket_clean_post_hook] Purge Cloudflare cache for only URL https://staging7.chargeautomation.com/chat-test/ - Fired action: after_rocket_clean_post
[2023-11-16 18:25:19] [cache_controller::purge_cache_on_post_edit] Purge Cloudflare cache for only post id 10856 and related contents - Fired action: clean_post_cache
[2023-11-16 18:27:27] [cache_controller::wp_rocket_selective_url_purge_hooks] Purge Cloudflare cache for only URL ["https:\/\/staging7.chargeautomation.com\/chat-test\/","https:\/\/staging7.chargeautomation.com\/author\/chargeautomation\/"] - Fired action: after_rocket_clean_files
[2023-11-16 18:27:27] [cache_controller::wp_rocket_selective_url_purge_hooks] Purge Cloudflare cache for only URL ["https:\/\/staging7.chargeautomation.com\/feed\/","https:\/\/staging7.chargeautomation.com\/comments\/feed\/"] - Fired action: after_rocket_clean_files
[2023-11-16 18:27:27] [cache_controller::wp_rocket_after_rocket_clean_post_hook] Purge Cloudflare cache for only URL https://staging7.chargeautomation.com/chat-test/ - Fired action: after_rocket_clean_post
[2023-11-16 18:27:27] [cache_controller::purge_cache_on_post_edit] Purge Cloudflare cache for only post id 10856 and related contents - Fired action: clean_post_cache
[2023-11-16 18:27:28] [cache_controller::wp_rocket_selective_url_purge_hooks] Purge Cloudflare cache for only URL ["https:\/\/staging7.chargeautomation.com\/chat-test\/","https:\/\/staging7.chargeautomation.com\/chargeback-fraud-protection-software\/","https:\/\/staging7.chargeautomation.com\/author\/chargeautomation\/"] - Fired action: after_rocket_clean_files
[2023-11-16 18:27:28] [cache_controller::wp_rocket_selective_url_purge_hooks] Purge Cloudflare cache for only URL ["https:\/\/staging7.chargeautomation.com\/feed\/","https:\/\/staging7.chargeautomation.com\/comments\/feed\/"] - Fired action: after_rocket_clean_files
[2023-11-16 18:27:28] [cache_controller::wp_rocket_after_rocket_clean_post_hook] Purge Cloudflare cache for only URL https://staging7.chargeautomation.com/chat-test/ - Fired action: after_rocket_clean_post
[2023-11-16 18:27:28] [cache_controller::purge_cache_on_post_edit] Purge Cloudflare cache for only post id 10856 and related contents - Fired action: clean_post_cache
